c:\users\stickybits\documents\programming\cpp\voxel_engine\debug\vc140.pdb
c:\users\stickybits\documents\programming\cpp\voxel_engine\debug\vc140.idb
c:\users\stickybits\documents\programming\cpp\voxel_engine\debug\glad.obj
c:\users\stickybits\documents\programming\cpp\voxel_engine\debug\main.obj
c:\users\stickybits\documents\programming\cpp\voxel_engine\debug\chunk.obj
c:\users\stickybits\documents\programming\cpp\voxel_engine\debug\chunkmanager.obj
c:\users\stickybits\documents\programming\cpp\voxel_engine\debug\vc141.pdb
c:\users\stickybits\documents\programming\cpp\voxel_engine\debug\vc141.idb
c:\users\stickybits\documents\programming\cpp\voxel_engine\debug\settings.obj
c:\users\stickybits\documents\programming\cpp\voxel_engine\debug\old_main.obj
c:\users\stickybits\documents\programming\cpp\voxel_engine\debug\fastnoise.obj
c:\users\stickybits\documents\programming\cpp\voxel_engine\debug\window.obj
c:\users\stickybits\documents\programming\cpp\voxel_engine\debug\game.obj
c:\users\stickybits\documents\programming\cpp\voxel_engine\debug\input.obj
c:\users\stickybits\documents\programming\cpp\voxel_engine\debug\voxel_engine.exe
c:\users\stickybits\documents\programming\cpp\voxel_engine\debug\voxel_engine.ilk
c:\users\stickybits\documents\programming\cpp\voxel_engine\debug\voxel_engine.pdb
c:\users\stickybits\documents\programming\cpp\voxel_engine\debug\voxel_engine.tlog\cl.command.1.tlog
c:\users\stickybits\documents\programming\cpp\voxel_engine\debug\voxel_engine.tlog\cl.read.1.tlog
c:\users\stickybits\documents\programming\cpp\voxel_engine\debug\voxel_engine.tlog\cl.write.1.tlog
c:\users\stickybits\documents\programming\cpp\voxel_engine\debug\voxel_engine.tlog\link.command.1.tlog
c:\users\stickybits\documents\programming\cpp\voxel_engine\debug\voxel_engine.tlog\link.read.1.tlog
c:\users\stickybits\documents\programming\cpp\voxel_engine\debug\voxel_engine.tlog\link.write.1.tlog
